<?xml version="1.0" encoding="UTF-8"?>
<!-- Generated by org.testng.reporters.JUnitReportReporter -->
<testsuite hostname="DESKTOP-F9UO0Q2" failures="0" tests="1" name="testcase.TC01_Login" time="24.048" errors="0" timestamp="2020-12-06T12:48:24 IST" skipped="0">
  <testcase classname="testcase.TC01_Login" name="logintest" time="24.048"/>
  <system-out/>
</testsuite> <!-- testcase.TC01_Login -->
